2023-06-16T07:03:57.376+02:00  INFO 14804 --- [main] p.d.p.biblioteka.BibliotekaApplication   : Starting BibliotekaApplication using Java 17.0.7 with PID 14804 (C:\Users\Słodziak\IdeaProjects\Library\target\classes started by Słodziak in C:\Users\Słodziak\IdeaProjects\Library)
2023-06-16T07:03:57.382+02:00  INFO 14804 --- [main] p.d.p.biblioteka.BibliotekaApplication   : No active profile set, falling back to 1 default profile: "default"
2023-06-16T07:03:58.008+02:00  INFO 14804 --- [main] .s.d.r.c.RepositoryConfigurationDelegate : Bootstrapping Spring Data JPA repositories in DEFAULT mode.
2023-06-16T07:03:58.059+02:00  INFO 14804 --- [main] .s.d.r.c.RepositoryConfigurationDelegate : Finished Spring Data repository scanning in 44 ms. Found 4 JPA repository interfaces.
2023-06-16T07:03:58.457+02:00  INFO 14804 --- [main] o.s.b.w.embedded.tomcat.TomcatWebServer  : Tomcat initialized with port(s): 8080 (http)
2023-06-16T07:03:58.465+02:00  INFO 14804 --- [main] o.apache.catalina.core.StandardService   : Starting service [Tomcat]
2023-06-16T07:03:58.465+02:00  INFO 14804 --- [main] o.apache.catalina.core.StandardEngine    : Starting Servlet engine: [Apache Tomcat/10.1.8]
2023-06-16T07:03:58.537+02:00  INFO 14804 --- [main] o.a.c.c.C.[Tomcat].[localhost].[/]       : Initializing Spring embedded WebApplicationContext
2023-06-16T07:03:58.537+02:00  INFO 14804 --- [main] w.s.c.ServletWebServerApplicationContext : Root WebApplicationContext: initialization completed in 1117 ms
2023-06-16T07:03:58.556+02:00  INFO 14804 --- [main] com.zaxxer.hikari.HikariDataSource       : HikariPool-1 - Starting...
2023-06-16T07:03:58.722+02:00  INFO 14804 --- [main] com.zaxxer.hikari.pool.HikariPool        : HikariPool-1 - Added connection conn0: url=jdbc:h2:mem:testdb user=SA
2023-06-16T07:03:58.723+02:00  INFO 14804 --- [main] com.zaxxer.hikari.HikariDataSource       : HikariPool-1 - Start completed.
2023-06-16T07:03:58.730+02:00  INFO 14804 --- [main] o.s.b.a.h2.H2ConsoleAutoConfiguration    : H2 console available at '/h2-console'. Database available at 'jdbc:h2:mem:testdb'
2023-06-16T07:03:58.821+02:00  INFO 14804 --- [main] o.hibernate.jpa.internal.util.LogHelper  : HHH000204: Processing PersistenceUnitInfo [name: default]
2023-06-16T07:03:58.883+02:00  INFO 14804 --- [main] org.hibernate.Version                    : HHH000412: Hibernate ORM core version 6.2.2.Final
2023-06-16T07:03:58.885+02:00  INFO 14804 --- [main] org.hibernate.cfg.Environment            : HHH000406: Using bytecode reflection optimizer
2023-06-16T07:03:59.004+02:00  INFO 14804 --- [main] o.h.b.i.BytecodeProviderInitiator        : HHH000021: Bytecode provider name : bytebuddy
2023-06-16T07:03:59.109+02:00  INFO 14804 --- [main] o.s.o.j.p.SpringPersistenceUnitInfo      : No LoadTimeWeaver setup: ignoring JPA class transformer
2023-06-16T07:03:59.140+02:00  INFO 14804 --- [main] org.hibernate.orm.dialect                : HHH035001: Using dialect: org.hibernate.dialect.H2Dialect, version: 2.1.214
2023-06-16T07:03:59.318+02:00  INFO 14804 --- [main] o.h.b.i.BytecodeProviderInitiator        : HHH000021: Bytecode provider name : bytebuddy
2023-06-16T07:03:59.833+02:00  INFO 14804 --- [main] o.h.e.t.j.p.i.JtaPlatformInitiator       : HHH000490: Using JtaPlatform implementation: [org.hibernate.engine.transaction.jta.platform.internal.NoJtaPlatform]
2023-06-16T07:03:59.887+02:00  INFO 14804 --- [main] j.LocalContainerEntityManagerFactoryBean : Initialized JPA EntityManagerFactory for persistence unit 'default'
2023-06-16T07:04:00.201+02:00  WARN 14804 --- [main] JpaBaseConfiguration$JpaWebConfiguration : spring.jpa.open-in-view is enabled by default. Therefore, database queries may be performed during view rendering. Explicitly configure spring.jpa.open-in-view to disable this warning
2023-06-16T07:04:00.327+02:00  INFO 14804 --- [main] o.s.s.web.DefaultSecurityFilterChain     : Will secure any request with [org.springframework.security.web.session.DisableEncodeUrlFilter@47d7e4b6, org.springframework.security.web.context.request.async.WebAsyncManagerIntegrationFilter@623ed5ed, org.springframework.security.web.context.SecurityContextHolderFilter@414d466e, org.springframework.security.web.header.HeaderWriterFilter@2caa9666, org.springframework.security.web.authentication.logout.LogoutFilter@1f27f354, org.springframework.security.web.authentication.UsernamePasswordAuthenticationFilter@6dc7b7f, org.springframework.security.web.authentication.ui.DefaultLoginPageGeneratingFilter@17554316, org.springframework.security.web.authentication.ui.DefaultLogoutPageGeneratingFilter@49e92724, org.springframework.security.web.authentication.www.BasicAuthenticationFilter@325236f5, org.springframework.security.web.savedrequest.RequestCacheAwareFilter@643a73fa, org.springframework.security.web.servletapi.SecurityContextHolderAwareRequestFilter@4f6a5cc9, org.springframework.security.web.authentication.AnonymousAuthenticationFilter@2ba4b32b, org.springframework.security.web.access.ExceptionTranslationFilter@4964d801, org.springframework.security.web.access.intercept.AuthorizationFilter@6c68f29c]
2023-06-16T07:04:00.578+02:00  INFO 14804 --- [main] o.s.b.w.embedded.tomcat.TomcatWebServer  : Tomcat started on port(s): 8080 (http) with context path ''
2023-06-16T07:04:00.583+02:00  INFO 14804 --- [main] p.d.p.biblioteka.BibliotekaApplication   : Started BibliotekaApplication in 3.524 seconds (process running for 4.398)
2023-06-16T07:04:16.768+02:00  INFO 14804 --- [http-nio-8080-exec-2] o.a.c.c.C.[Tomcat].[localhost].[/]       : Initializing Spring DispatcherServlet 'dispatcherServlet'
2023-06-16T07:04:16.768+02:00  INFO 14804 --- [http-nio-8080-exec-2] o.s.web.servlet.DispatcherServlet        : Initializing Servlet 'dispatcherServlet'
2023-06-16T07:04:16.769+02:00  INFO 14804 --- [http-nio-8080-exec-2] o.s.web.servlet.DispatcherServlet        : Completed initialization in 1 ms
2023-06-16T07:04:43.732+02:00  INFO 14804 --- [SpringApplicationShutdownHook] j.LocalContainerEntityManagerFactoryBean : Closing JPA EntityManagerFactory for persistence unit 'default'
2023-06-16T07:04:43.733+02:00  INFO 14804 --- [SpringApplicationShutdownHook] com.zaxxer.hikari.HikariDataSource       : HikariPool-1 - Shutdown initiated...
2023-06-16T07:04:43.734+02:00  INFO 14804 --- [SpringApplicationShutdownHook] com.zaxxer.hikari.HikariDataSource       : HikariPool-1 - Shutdown completed.
2023-06-16T07:04:47.414+02:00  INFO 28192 --- [main] p.d.p.biblioteka.BibliotekaApplication   : Starting BibliotekaApplication using Java 17.0.7 with PID 28192 (C:\Users\Słodziak\IdeaProjects\Library\target\classes started by Słodziak in C:\Users\Słodziak\IdeaProjects\Library)
2023-06-16T07:04:47.416+02:00  INFO 28192 --- [main] p.d.p.biblioteka.BibliotekaApplication   : No active profile set, falling back to 1 default profile: "default"
2023-06-16T07:04:47.820+02:00  INFO 28192 --- [main] .s.d.r.c.RepositoryConfigurationDelegate : Bootstrapping Spring Data JPA repositories in DEFAULT mode.
2023-06-16T07:04:47.868+02:00  INFO 28192 --- [main] .s.d.r.c.RepositoryConfigurationDelegate : Finished Spring Data repository scanning in 41 ms. Found 4 JPA repository interfaces.
2023-06-16T07:04:48.204+02:00  INFO 28192 --- [main] o.s.b.w.embedded.tomcat.TomcatWebServer  : Tomcat initialized with port(s): 8080 (http)
2023-06-16T07:04:48.210+02:00  INFO 28192 --- [main] o.apache.catalina.core.StandardService   : Starting service [Tomcat]
2023-06-16T07:04:48.211+02:00  INFO 28192 --- [main] o.apache.catalina.core.StandardEngine    : Starting Servlet engine: [Apache Tomcat/10.1.8]
2023-06-16T07:04:48.267+02:00  INFO 28192 --- [main] o.a.c.c.C.[Tomcat].[localhost].[/]       : Initializing Spring embedded WebApplicationContext
2023-06-16T07:04:48.267+02:00  INFO 28192 --- [main] w.s.c.ServletWebServerApplicationContext : Root WebApplicationContext: initialization completed in 823 ms
2023-06-16T07:04:48.286+02:00  INFO 28192 --- [main] com.zaxxer.hikari.HikariDataSource       : HikariPool-1 - Starting...
2023-06-16T07:04:48.413+02:00  INFO 28192 --- [main] com.zaxxer.hikari.pool.HikariPool        : HikariPool-1 - Added connection conn0: url=jdbc:h2:mem:testdb user=SA
2023-06-16T07:04:48.414+02:00  INFO 28192 --- [main] com.zaxxer.hikari.HikariDataSource       : HikariPool-1 - Start completed.
2023-06-16T07:04:48.423+02:00  INFO 28192 --- [main] o.s.b.a.h2.H2ConsoleAutoConfiguration    : H2 console available at '/h2-console'. Database available at 'jdbc:h2:mem:testdb'
2023-06-16T07:04:48.500+02:00  INFO 28192 --- [main] o.hibernate.jpa.internal.util.LogHelper  : HHH000204: Processing PersistenceUnitInfo [name: default]
2023-06-16T07:04:48.537+02:00  INFO 28192 --- [main] org.hibernate.Version                    : HHH000412: Hibernate ORM core version 6.2.2.Final
2023-06-16T07:04:48.538+02:00  INFO 28192 --- [main] org.hibernate.cfg.Environment            : HHH000406: Using bytecode reflection optimizer
2023-06-16T07:04:48.622+02:00  INFO 28192 --- [main] o.h.b.i.BytecodeProviderInitiator        : HHH000021: Bytecode provider name : bytebuddy
2023-06-16T07:04:48.710+02:00  INFO 28192 --- [main] o.s.o.j.p.SpringPersistenceUnitInfo      : No LoadTimeWeaver setup: ignoring JPA class transformer
2023-06-16T07:04:48.730+02:00  INFO 28192 --- [main] org.hibernate.orm.dialect                : HHH035001: Using dialect: org.hibernate.dialect.H2Dialect, version: 2.1.214
2023-06-16T07:04:48.871+02:00  INFO 28192 --- [main] o.h.b.i.BytecodeProviderInitiator        : HHH000021: Bytecode provider name : bytebuddy
2023-06-16T07:04:49.339+02:00  INFO 28192 --- [main] o.h.e.t.j.p.i.JtaPlatformInitiator       : HHH000490: Using JtaPlatform implementation: [org.hibernate.engine.transaction.jta.platform.internal.NoJtaPlatform]
2023-06-16T07:04:49.388+02:00  INFO 28192 --- [main] j.LocalContainerEntityManagerFactoryBean : Initialized JPA EntityManagerFactory for persistence unit 'default'
2023-06-16T07:04:49.664+02:00  WARN 28192 --- [main] JpaBaseConfiguration$JpaWebConfiguration : spring.jpa.open-in-view is enabled by default. Therefore, database queries may be performed during view rendering. Explicitly configure spring.jpa.open-in-view to disable this warning
2023-06-16T07:04:49.751+02:00  INFO 28192 --- [main] o.s.s.web.DefaultSecurityFilterChain     : Will secure any request with [org.springframework.security.web.session.DisableEncodeUrlFilter@3d2ff73a, org.springframework.security.web.context.request.async.WebAsyncManagerIntegrationFilter@736a8aea, org.springframework.security.web.context.SecurityContextHolderFilter@5afa0b1a, org.springframework.security.web.header.HeaderWriterFilter@59700156, org.springframework.security.web.authentication.logout.LogoutFilter@20505460, org.springframework.security.web.authentication.UsernamePasswordAuthenticationFilter@8eeb4c5, org.springframework.security.web.authentication.ui.DefaultLoginPageGeneratingFilter@3958db82, org.springframework.security.web.authentication.ui.DefaultLogoutPageGeneratingFilter@504b4a97, org.springframework.security.web.authentication.www.BasicAuthenticationFilter@51d2d336, org.springframework.security.web.savedrequest.RequestCacheAwareFilter@6c167296, org.springframework.security.web.servletapi.SecurityContextHolderAwareRequestFilter@48d24d63, org.springframework.security.web.authentication.AnonymousAuthenticationFilter@4964d801, org.springframework.security.web.access.ExceptionTranslationFilter@544733a4, org.springframework.security.web.access.intercept.AuthorizationFilter@6e4bccc]
2023-06-16T07:04:49.975+02:00  INFO 28192 --- [main] o.s.b.w.embedded.tomcat.TomcatWebServer  : Tomcat started on port(s): 8080 (http) with context path ''
2023-06-16T07:04:49.981+02:00  INFO 28192 --- [main] p.d.p.biblioteka.BibliotekaApplication   : Started BibliotekaApplication in 2.869 seconds (process running for 3.252)
2023-06-16T07:04:54.114+02:00  INFO 28192 --- [http-nio-8080-exec-2] o.a.c.c.C.[Tomcat].[localhost].[/]       : Initializing Spring DispatcherServlet 'dispatcherServlet'
2023-06-16T07:04:54.114+02:00  INFO 28192 --- [http-nio-8080-exec-2] o.s.web.servlet.DispatcherServlet        : Initializing Servlet 'dispatcherServlet'
2023-06-16T07:04:54.115+02:00  INFO 28192 --- [http-nio-8080-exec-2] o.s.web.servlet.DispatcherServlet        : Completed initialization in 0 ms
2023-06-16T07:05:58.951+02:00  INFO 28192 --- [SpringApplicationShutdownHook] j.LocalContainerEntityManagerFactoryBean : Closing JPA EntityManagerFactory for persistence unit 'default'
2023-06-16T07:05:58.953+02:00  INFO 28192 --- [SpringApplicationShutdownHook] com.zaxxer.hikari.HikariDataSource       : HikariPool-1 - Shutdown initiated...
2023-06-16T07:05:58.954+02:00  INFO 28192 --- [SpringApplicationShutdownHook] com.zaxxer.hikari.HikariDataSource       : HikariPool-1 - Shutdown completed.
2023-06-16T07:06:02.054+02:00  INFO 20548 --- [main] p.d.p.biblioteka.BibliotekaApplication   : Starting BibliotekaApplication using Java 17.0.7 with PID 20548 (C:\Users\Słodziak\IdeaProjects\Library\target\classes started by Słodziak in C:\Users\Słodziak\IdeaProjects\Library)
2023-06-16T07:06:02.057+02:00  INFO 20548 --- [main] p.d.p.biblioteka.BibliotekaApplication   : No active profile set, falling back to 1 default profile: "default"
2023-06-16T07:06:02.461+02:00  INFO 20548 --- [main] .s.d.r.c.RepositoryConfigurationDelegate : Bootstrapping Spring Data JPA repositories in DEFAULT mode.
2023-06-16T07:06:02.503+02:00  INFO 20548 --- [main] .s.d.r.c.RepositoryConfigurationDelegate : Finished Spring Data repository scanning in 36 ms. Found 4 JPA repository interfaces.
2023-06-16T07:06:02.836+02:00  INFO 20548 --- [main] o.s.b.w.embedded.tomcat.TomcatWebServer  : Tomcat initialized with port(s): 8080 (http)
2023-06-16T07:06:02.842+02:00  INFO 20548 --- [main] o.apache.catalina.core.StandardService   : Starting service [Tomcat]
2023-06-16T07:06:02.842+02:00  INFO 20548 --- [main] o.apache.catalina.core.StandardEngine    : Starting Servlet engine: [Apache Tomcat/10.1.8]
2023-06-16T07:06:02.901+02:00  INFO 20548 --- [main] o.a.c.c.C.[Tomcat].[localhost].[/]       : Initializing Spring embedded WebApplicationContext
2023-06-16T07:06:02.901+02:00  INFO 20548 --- [main] w.s.c.ServletWebServerApplicationContext : Root WebApplicationContext: initialization completed in 817 ms
2023-06-16T07:06:02.919+02:00  INFO 20548 --- [main] com.zaxxer.hikari.HikariDataSource       : HikariPool-1 - Starting...
2023-06-16T07:06:03.046+02:00  INFO 20548 --- [main] com.zaxxer.hikari.pool.HikariPool        : HikariPool-1 - Added connection conn0: url=jdbc:h2:mem:testdb user=SA
2023-06-16T07:06:03.047+02:00  INFO 20548 --- [main] com.zaxxer.hikari.HikariDataSource       : HikariPool-1 - Start completed.
2023-06-16T07:06:03.054+02:00  INFO 20548 --- [main] o.s.b.a.h2.H2ConsoleAutoConfiguration    : H2 console available at '/h2-console'. Database available at 'jdbc:h2:mem:testdb'
2023-06-16T07:06:03.131+02:00  INFO 20548 --- [main] o.hibernate.jpa.internal.util.LogHelper  : HHH000204: Processing PersistenceUnitInfo [name: default]
2023-06-16T07:06:03.169+02:00  INFO 20548 --- [main] org.hibernate.Version                    : HHH000412: Hibernate ORM core version 6.2.2.Final
2023-06-16T07:06:03.170+02:00  INFO 20548 --- [main] org.hibernate.cfg.Environment            : HHH000406: Using bytecode reflection optimizer
2023-06-16T07:06:03.253+02:00  INFO 20548 --- [main] o.h.b.i.BytecodeProviderInitiator        : HHH000021: Bytecode provider name : bytebuddy
2023-06-16T07:06:03.342+02:00  INFO 20548 --- [main] o.s.o.j.p.SpringPersistenceUnitInfo      : No LoadTimeWeaver setup: ignoring JPA class transformer
2023-06-16T07:06:03.364+02:00  INFO 20548 --- [main] org.hibernate.orm.dialect                : HHH035001: Using dialect: org.hibernate.dialect.H2Dialect, version: 2.1.214
2023-06-16T07:06:03.508+02:00  INFO 20548 --- [main] o.h.b.i.BytecodeProviderInitiator        : HHH000021: Bytecode provider name : bytebuddy
2023-06-16T07:06:03.965+02:00  INFO 20548 --- [main] o.h.e.t.j.p.i.JtaPlatformInitiator       : HHH000490: Using JtaPlatform implementation: [org.hibernate.engine.transaction.jta.platform.internal.NoJtaPlatform]
2023-06-16T07:06:04.011+02:00  INFO 20548 --- [main] j.LocalContainerEntityManagerFactoryBean : Initialized JPA EntityManagerFactory for persistence unit 'default'
2023-06-16T07:06:04.296+02:00  WARN 20548 --- [main] JpaBaseConfiguration$JpaWebConfiguration : spring.jpa.open-in-view is enabled by default. Therefore, database queries may be performed during view rendering. Explicitly configure spring.jpa.open-in-view to disable this warning
2023-06-16T07:06:04.379+02:00  INFO 20548 --- [main] o.s.s.web.DefaultSecurityFilterChain     : Will secure any request with [org.springframework.security.web.session.DisableEncodeUrlFilter@2487b621, org.springframework.security.web.context.request.async.WebAsyncManagerIntegrationFilter@3d2ff73a, org.springframework.security.web.context.SecurityContextHolderFilter@7359f3ac, org.springframework.security.web.header.HeaderWriterFilter@522f74a1, org.springframework.security.web.authentication.logout.LogoutFilter@2267b0bb, org.springframework.security.web.authentication.UsernamePasswordAuthenticationFilter@20505460, org.springframework.security.web.authentication.ui.DefaultLoginPageGeneratingFilter@34d0c331, org.springframework.security.web.authentication.ui.DefaultLogoutPageGeneratingFilter@736a8aea, org.springframework.security.web.authentication.www.BasicAuthenticationFilter@112b3298, org.springframework.security.web.savedrequest.RequestCacheAwareFilter@3d9cba2, org.springframework.security.web.servletapi.SecurityContextHolderAwareRequestFilter@170f0fd6, org.springframework.security.web.authentication.AnonymousAuthenticationFilter@504b4a97, org.springframework.security.web.access.ExceptionTranslationFilter@3d0f4ac4, org.springframework.security.web.access.intercept.AuthorizationFilter@5003c114]
2023-06-16T07:06:04.667+02:00  INFO 20548 --- [main] o.s.b.w.embedded.tomcat.TomcatWebServer  : Tomcat started on port(s): 8080 (http) with context path ''
2023-06-16T07:06:04.674+02:00  INFO 20548 --- [main] p.d.p.biblioteka.BibliotekaApplication   : Started BibliotekaApplication in 2.905 seconds (process running for 3.329)
2023-06-16T07:06:07.736+02:00  INFO 20548 --- [SpringApplicationShutdownHook] j.LocalContainerEntityManagerFactoryBean : Closing JPA EntityManagerFactory for persistence unit 'default'
2023-06-16T07:06:07.737+02:00  INFO 20548 --- [SpringApplicationShutdownHook] com.zaxxer.hikari.HikariDataSource       : HikariPool-1 - Shutdown initiated...
2023-06-16T07:06:07.738+02:00  INFO 20548 --- [SpringApplicationShutdownHook] com.zaxxer.hikari.HikariDataSource       : HikariPool-1 - Shutdown completed.
2023-06-16T07:06:10.613+02:00  INFO 6288 --- [main] p.d.p.biblioteka.BibliotekaApplication   : Starting BibliotekaApplication using Java 17.0.7 with PID 6288 (C:\Users\Słodziak\IdeaProjects\Library\target\classes started by Słodziak in C:\Users\Słodziak\IdeaProjects\Library)
2023-06-16T07:06:10.615+02:00  INFO 6288 --- [main] p.d.p.biblioteka.BibliotekaApplication   : No active profile set, falling back to 1 default profile: "default"
2023-06-16T07:06:11.030+02:00  INFO 6288 --- [main] .s.d.r.c.RepositoryConfigurationDelegate : Bootstrapping Spring Data JPA repositories in DEFAULT mode.
2023-06-16T07:06:11.076+02:00  INFO 6288 --- [main] .s.d.r.c.RepositoryConfigurationDelegate : Finished Spring Data repository scanning in 41 ms. Found 4 JPA repository interfaces.
2023-06-16T07:06:11.416+02:00  INFO 6288 --- [main] o.s.b.w.embedded.tomcat.TomcatWebServer  : Tomcat initialized with port(s): 8080 (http)
2023-06-16T07:06:11.423+02:00  INFO 6288 --- [main] o.apache.catalina.core.StandardService   : Starting service [Tomcat]
2023-06-16T07:06:11.423+02:00  INFO 6288 --- [main] o.apache.catalina.core.StandardEngine    : Starting Servlet engine: [Apache Tomcat/10.1.8]
2023-06-16T07:06:11.483+02:00  INFO 6288 --- [main] o.a.c.c.C.[Tomcat].[localhost].[/]       : Initializing Spring embedded WebApplicationContext
2023-06-16T07:06:11.483+02:00  INFO 6288 --- [main] w.s.c.ServletWebServerApplicationContext : Root WebApplicationContext: initialization completed in 839 ms
2023-06-16T07:06:11.502+02:00  INFO 6288 --- [main] com.zaxxer.hikari.HikariDataSource       : HikariPool-1 - Starting...
2023-06-16T07:06:11.630+02:00  INFO 6288 --- [main] com.zaxxer.hikari.pool.HikariPool        : HikariPool-1 - Added connection conn0: url=jdbc:h2:mem:testdb user=SA
2023-06-16T07:06:11.631+02:00  INFO 6288 --- [main] com.zaxxer.hikari.HikariDataSource       : HikariPool-1 - Start completed.
2023-06-16T07:06:11.640+02:00  INFO 6288 --- [main] o.s.b.a.h2.H2ConsoleAutoConfiguration    : H2 console available at '/h2-console'. Database available at 'jdbc:h2:mem:testdb'
2023-06-16T07:06:11.716+02:00  INFO 6288 --- [main] o.hibernate.jpa.internal.util.LogHelper  : HHH000204: Processing PersistenceUnitInfo [name: default]
2023-06-16T07:06:11.760+02:00  INFO 6288 --- [main] org.hibernate.Version                    : HHH000412: Hibernate ORM core version 6.2.2.Final
2023-06-16T07:06:11.763+02:00  INFO 6288 --- [main] org.hibernate.cfg.Environment            : HHH000406: Using bytecode reflection optimizer
2023-06-16T07:06:11.849+02:00  INFO 6288 --- [main] o.h.b.i.BytecodeProviderInitiator        : HHH000021: Bytecode provider name : bytebuddy
2023-06-16T07:06:11.939+02:00  INFO 6288 --- [main] o.s.o.j.p.SpringPersistenceUnitInfo      : No LoadTimeWeaver setup: ignoring JPA class transformer
2023-06-16T07:06:11.961+02:00  INFO 6288 --- [main] org.hibernate.orm.dialect                : HHH035001: Using dialect: org.hibernate.dialect.H2Dialect, version: 2.1.214
2023-06-16T07:06:12.105+02:00  INFO 6288 --- [main] o.h.b.i.BytecodeProviderInitiator        : HHH000021: Bytecode provider name : bytebuddy
2023-06-16T07:06:12.574+02:00  INFO 6288 --- [main] o.h.e.t.j.p.i.JtaPlatformInitiator       : HHH000490: Using JtaPlatform implementation: [org.hibernate.engine.transaction.jta.platform.internal.NoJtaPlatform]
2023-06-16T07:06:12.622+02:00  INFO 6288 --- [main] j.LocalContainerEntityManagerFactoryBean : Initialized JPA EntityManagerFactory for persistence unit 'default'
2023-06-16T07:06:12.903+02:00  WARN 6288 --- [main] JpaBaseConfiguration$JpaWebConfiguration : spring.jpa.open-in-view is enabled by default. Therefore, database queries may be performed during view rendering. Explicitly configure spring.jpa.open-in-view to disable this warning
2023-06-16T07:06:12.990+02:00  INFO 6288 --- [main] o.s.s.web.DefaultSecurityFilterChain     : Will secure any request with [org.springframework.security.web.session.DisableEncodeUrlFilter@b307030, org.springframework.security.web.context.request.async.WebAsyncManagerIntegrationFilter@2caa9666, org.springframework.security.web.context.SecurityContextHolderFilter@5a464be7, org.springframework.security.web.header.HeaderWriterFilter@3d9cba2, org.springframework.security.web.authentication.logout.LogoutFilter@106b476a, org.springframework.security.web.authentication.UsernamePasswordAuthenticationFilter@6dde913e, org.springframework.security.web.authentication.ui.DefaultLoginPageGeneratingFilter@6dadcf58, org.springframework.security.web.authentication.ui.DefaultLogoutPageGeneratingFilter@263f6e96, org.springframework.security.web.authentication.www.BasicAuthenticationFilter@36696821, org.springframework.security.web.savedrequest.RequestCacheAwareFilter@48d24d63, org.springframework.security.web.servletapi.SecurityContextHolderAwareRequestFilter@34d0c331, org.springframework.security.web.authentication.AnonymousAuthenticationFilter@49741e80, org.springframework.security.web.access.ExceptionTranslationFilter@7359f3ac, org.springframework.security.web.access.intercept.AuthorizationFilter@504b4a97]
2023-06-16T07:06:13.223+02:00  INFO 6288 --- [main] o.s.b.w.embedded.tomcat.TomcatWebServer  : Tomcat started on port(s): 8080 (http) with context path ''
2023-06-16T07:06:13.229+02:00  INFO 6288 --- [main] p.d.p.biblioteka.BibliotekaApplication   : Started BibliotekaApplication in 2.909 seconds (process running for 3.309)
2023-06-16T07:06:16.261+02:00  INFO 6288 --- [http-nio-8080-exec-1] o.a.c.c.C.[Tomcat].[localhost].[/]       : Initializing Spring DispatcherServlet 'dispatcherServlet'
2023-06-16T07:06:16.261+02:00  INFO 6288 --- [http-nio-8080-exec-1] o.s.web.servlet.DispatcherServlet        : Initializing Servlet 'dispatcherServlet'
2023-06-16T07:06:16.262+02:00  INFO 6288 --- [http-nio-8080-exec-1] o.s.web.servlet.DispatcherServlet        : Completed initialization in 0 ms
2023-06-16T10:45:24.340+02:00  INFO 25504 --- [main] p.d.p.biblioteka.BibliotekaApplication   : Starting BibliotekaApplication using Java 17.0.7 with PID 25504 (C:\Users\Słodziak\IdeaProjects\Library\target\classes started by Słodziak in C:\Users\Słodziak\IdeaProjects\Library)
2023-06-16T10:45:24.344+02:00  INFO 25504 --- [main] p.d.p.biblioteka.BibliotekaApplication   : No active profile set, falling back to 1 default profile: "default"
2023-06-16T10:45:24.989+02:00  INFO 25504 --- [main] .s.d.r.c.RepositoryConfigurationDelegate : Bootstrapping Spring Data JPA repositories in DEFAULT mode.
2023-06-16T10:45:25.043+02:00  INFO 25504 --- [main] .s.d.r.c.RepositoryConfigurationDelegate : Finished Spring Data repository scanning in 46 ms. Found 4 JPA repository interfaces.
2023-06-16T10:45:25.514+02:00  INFO 25504 --- [main] o.s.b.w.embedded.tomcat.TomcatWebServer  : Tomcat initialized with port(s): 8080 (http)
2023-06-16T10:45:25.523+02:00  INFO 25504 --- [main] o.apache.catalina.core.StandardService   : Starting service [Tomcat]
2023-06-16T10:45:25.523+02:00  INFO 25504 --- [main] o.apache.catalina.core.StandardEngine    : Starting Servlet engine: [Apache Tomcat/10.1.8]
2023-06-16T10:45:25.595+02:00  INFO 25504 --- [main] o.a.c.c.C.[Tomcat].[localhost].[/]       : Initializing Spring embedded WebApplicationContext
2023-06-16T10:45:25.596+02:00  INFO 25504 --- [main] w.s.c.ServletWebServerApplicationContext : Root WebApplicationContext: initialization completed in 1215 ms
2023-06-16T10:45:25.619+02:00  INFO 25504 --- [main] com.zaxxer.hikari.HikariDataSource       : HikariPool-1 - Starting...
2023-06-16T10:45:25.816+02:00  INFO 25504 --- [main] com.zaxxer.hikari.pool.HikariPool        : HikariPool-1 - Added connection conn0: url=jdbc:h2:mem:testdb user=SA
2023-06-16T10:45:25.817+02:00  INFO 25504 --- [main] com.zaxxer.hikari.HikariDataSource       : HikariPool-1 - Start completed.
2023-06-16T10:45:25.827+02:00  INFO 25504 --- [main] o.s.b.a.h2.H2ConsoleAutoConfiguration    : H2 console available at '/h2-console'. Database available at 'jdbc:h2:mem:testdb'
2023-06-16T10:45:25.939+02:00  INFO 25504 --- [main] o.hibernate.jpa.internal.util.LogHelper  : HHH000204: Processing PersistenceUnitInfo [name: default]
2023-06-16T10:45:26.018+02:00  INFO 25504 --- [main] org.hibernate.Version                    : HHH000412: Hibernate ORM core version 6.2.2.Final
2023-06-16T10:45:26.021+02:00  INFO 25504 --- [main] org.hibernate.cfg.Environment            : HHH000406: Using bytecode reflection optimizer
2023-06-16T10:45:26.174+02:00  INFO 25504 --- [main] o.h.b.i.BytecodeProviderInitiator        : HHH000021: Bytecode provider name : bytebuddy
2023-06-16T10:45:26.344+02:00  INFO 25504 --- [main] o.s.o.j.p.SpringPersistenceUnitInfo      : No LoadTimeWeaver setup: ignoring JPA class transformer
2023-06-16T10:45:26.394+02:00  INFO 25504 --- [main] org.hibernate.orm.dialect                : HHH035001: Using dialect: org.hibernate.dialect.H2Dialect, version: 2.1.214
2023-06-16T10:45:26.669+02:00  INFO 25504 --- [main] o.h.b.i.BytecodeProviderInitiator        : HHH000021: Bytecode provider name : bytebuddy
2023-06-16T10:45:27.199+02:00  INFO 25504 --- [main] o.h.e.t.j.p.i.JtaPlatformInitiator       : HHH000490: Using JtaPlatform implementation: [org.hibernate.engine.transaction.jta.platform.internal.NoJtaPlatform]
2023-06-16T10:45:27.252+02:00  INFO 25504 --- [main] j.LocalContainerEntityManagerFactoryBean : Initialized JPA EntityManagerFactory for persistence unit 'default'
2023-06-16T10:45:27.573+02:00  WARN 25504 --- [main] JpaBaseConfiguration$JpaWebConfiguration : spring.jpa.open-in-view is enabled by default. Therefore, database queries may be performed during view rendering. Explicitly configure spring.jpa.open-in-view to disable this warning
2023-06-16T10:45:27.698+02:00  INFO 25504 --- [main] o.s.s.web.DefaultSecurityFilterChain     : Will secure any request with [org.springframework.security.web.session.DisableEncodeUrlFilter@112b3298, org.springframework.security.web.context.request.async.WebAsyncManagerIntegrationFilter@51d2d336, org.springframework.security.web.context.SecurityContextHolderFilter@16a15261, org.springframework.security.web.header.HeaderWriterFilter@1443539, org.springframework.security.web.authentication.logout.LogoutFilter@eb09112, org.springframework.security.web.authentication.UsernamePasswordAuthenticationFilter@28521ed5, org.springframework.security.web.authentication.ui.DefaultLoginPageGeneratingFilter@7359f3ac, org.springframework.security.web.authentication.ui.DefaultLogoutPageGeneratingFilter@90c01ab, org.springframework.security.web.authentication.www.BasicAuthenticationFilter@2267b0bb, org.springframework.security.web.savedrequest.RequestCacheAwareFilter@5d8112e6, org.springframework.security.web.servletapi.SecurityContextHolderAwareRequestFilter@3d0f4ac4, org.springframework.security.web.authentication.AnonymousAuthenticationFilter@39921410, org.springframework.security.web.access.ExceptionTranslationFilter@2faae7f6, org.springframework.security.web.access.intercept.AuthorizationFilter@543196f9]
2023-06-16T10:45:27.955+02:00  INFO 25504 --- [main] o.s.b.w.embedded.tomcat.TomcatWebServer  : Tomcat started on port(s): 8080 (http) with context path ''
2023-06-16T10:45:27.962+02:00  INFO 25504 --- [main] p.d.p.biblioteka.BibliotekaApplication   : Started BibliotekaApplication in 3.967 seconds (process running for 4.877)
2023-06-16T10:45:41.220+02:00  INFO 25504 --- [http-nio-8080-exec-2] o.a.c.c.C.[Tomcat].[localhost].[/]       : Initializing Spring DispatcherServlet 'dispatcherServlet'
2023-06-16T10:45:41.220+02:00  INFO 25504 --- [http-nio-8080-exec-2] o.s.web.servlet.DispatcherServlet        : Initializing Servlet 'dispatcherServlet'
2023-06-16T10:45:41.221+02:00  INFO 25504 --- [http-nio-8080-exec-2] o.s.web.servlet.DispatcherServlet        : Completed initialization in 1 ms
2023-06-16T10:46:03.618+02:00  WARN 25504 --- [http-nio-8080-exec-3] .w.s.m.s.DefaultHandlerExceptionResolver : Resolved [org.springframework.web.bind.MissingServletRequestParameterException: Required request parameter 'name' for method parameter type String is not present]
2023-06-16T13:35:49.202+02:00  INFO 25504 --- [SpringApplicationShutdownHook] j.LocalContainerEntityManagerFactoryBean : Closing JPA EntityManagerFactory for persistence unit 'default'
2023-06-16T13:35:49.205+02:00  INFO 25504 --- [SpringApplicationShutdownHook] com.zaxxer.hikari.HikariDataSource       : HikariPool-1 - Shutdown initiated...
2023-06-16T13:35:49.207+02:00  INFO 25504 --- [SpringApplicationShutdownHook] com.zaxxer.hikari.HikariDataSource       : HikariPool-1 - Shutdown completed.
2023-06-16T13:35:52.667+02:00  INFO 27468 --- [main] p.d.p.biblioteka.BibliotekaApplication   : Starting BibliotekaApplication using Java 17.0.7 with PID 27468 (C:\Users\Słodziak\IdeaProjects\Library\target\classes started by Słodziak in C:\Users\Słodziak\IdeaProjects\Library)
2023-06-16T13:35:52.670+02:00  INFO 27468 --- [main] p.d.p.biblioteka.BibliotekaApplication   : No active profile set, falling back to 1 default profile: "default"
2023-06-16T13:35:53.107+02:00  INFO 27468 --- [main] .s.d.r.c.RepositoryConfigurationDelegate : Bootstrapping Spring Data JPA repositories in DEFAULT mode.
2023-06-16T13:35:53.153+02:00  INFO 27468 --- [main] .s.d.r.c.RepositoryConfigurationDelegate : Finished Spring Data repository scanning in 40 ms. Found 4 JPA repository interfaces.
2023-06-16T13:35:53.486+02:00  INFO 27468 --- [main] o.s.b.w.embedded.tomcat.TomcatWebServer  : Tomcat initialized with port(s): 8080 (http)
2023-06-16T13:35:53.491+02:00  INFO 27468 --- [main] o.apache.catalina.core.StandardService   : Starting service [Tomcat]
2023-06-16T13:35:53.492+02:00  INFO 27468 --- [main] o.apache.catalina.core.StandardEngine    : Starting Servlet engine: [Apache Tomcat/10.1.8]
2023-06-16T13:35:53.560+02:00  INFO 27468 --- [main] o.a.c.c.C.[Tomcat].[localhost].[/]       : Initializing Spring embedded WebApplicationContext
2023-06-16T13:35:53.560+02:00  INFO 27468 --- [main] w.s.c.ServletWebServerApplicationContext : Root WebApplicationContext: initialization completed in 863 ms
2023-06-16T13:35:53.578+02:00  INFO 27468 --- [main] com.zaxxer.hikari.HikariDataSource       : HikariPool-1 - Starting...
2023-06-16T13:35:53.705+02:00  INFO 27468 --- [main] com.zaxxer.hikari.pool.HikariPool        : HikariPool-1 - Added connection conn0: url=jdbc:h2:mem:testdb user=SA
2023-06-16T13:35:53.707+02:00  INFO 27468 --- [main] com.zaxxer.hikari.HikariDataSource       : HikariPool-1 - Start completed.
2023-06-16T13:35:53.716+02:00  INFO 27468 --- [main] o.s.b.a.h2.H2ConsoleAutoConfiguration    : H2 console available at '/h2-console'. Database available at 'jdbc:h2:mem:testdb'
2023-06-16T13:35:53.794+02:00  INFO 27468 --- [main] o.hibernate.jpa.internal.util.LogHelper  : HHH000204: Processing PersistenceUnitInfo [name: default]
2023-06-16T13:35:53.831+02:00  INFO 27468 --- [main] org.hibernate.Version                    : HHH000412: Hibernate ORM core version 6.2.2.Final
2023-06-16T13:35:53.833+02:00  INFO 27468 --- [main] org.hibernate.cfg.Environment            : HHH000406: Using bytecode reflection optimizer
2023-06-16T13:35:53.921+02:00  INFO 27468 --- [main] o.h.b.i.BytecodeProviderInitiator        : HHH000021: Bytecode provider name : bytebuddy
2023-06-16T13:35:54.010+02:00  INFO 27468 --- [main] o.s.o.j.p.SpringPersistenceUnitInfo      : No LoadTimeWeaver setup: ignoring JPA class transformer
2023-06-16T13:35:54.032+02:00  INFO 27468 --- [main] org.hibernate.orm.dialect                : HHH035001: Using dialect: org.hibernate.dialect.H2Dialect, version: 2.1.214
2023-06-16T13:35:54.152+02:00  WARN 27468 --- [main] ConfigServletWebServerApplicationContext : Exception encountered during context initialization - cancelling refresh attempt: org.springframework.beans.factory.BeanCreationException: Error creating bean with name 'entityManagerFactory' defined in class path resource [org/springframework/boot/autoconfigure/orm/jpa/HibernateJpaConfiguration.class]: class org.hibernate.mapping.BasicValue cannot be cast to class org.hibernate.mapping.ToOne (org.hibernate.mapping.BasicValue and org.hibernate.mapping.ToOne are in unnamed module of loader 'app')
2023-06-16T13:35:54.152+02:00  INFO 27468 --- [main] com.zaxxer.hikari.HikariDataSource       : HikariPool-1 - Shutdown initiated...
2023-06-16T13:35:54.153+02:00  INFO 27468 --- [main] com.zaxxer.hikari.HikariDataSource       : HikariPool-1 - Shutdown completed.
2023-06-16T13:35:54.155+02:00  INFO 27468 --- [main] o.apache.catalina.core.StandardService   : Stopping service [Tomcat]
2023-06-16T13:35:54.162+02:00  INFO 27468 --- [main] .s.b.a.l.ConditionEvaluationReportLogger : 

Error starting ApplicationContext. To display the condition evaluation report re-run your application with 'debug' enabled.
2023-06-16T13:35:54.185+02:00 ERROR 27468 --- [main] o.s.boot.SpringApplication               : Application run failed

org.springframework.beans.factory.BeanCreationException: Error creating bean with name 'entityManagerFactory' defined in class path resource [org/springframework/boot/autoconfigure/orm/jpa/HibernateJpaConfiguration.class]: class org.hibernate.mapping.BasicValue cannot be cast to class org.hibernate.mapping.ToOne (org.hibernate.mapping.BasicValue and org.hibernate.mapping.ToOne are in unnamed module of loader 'app')
	at org.springframework.beans.factory.support.AbstractAutowireCapableBeanFactory.initializeBean(AbstractAutowireCapableBeanFactory.java:1770) ~[spring-beans-6.0.9.jar:6.0.9]
	at org.springframework.beans.factory.support.AbstractAutowireCapableBeanFactory.doCreateBean(AbstractAutowireCapableBeanFactory.java:598) ~[spring-beans-6.0.9.jar:6.0.9]
	at org.springframework.beans.factory.support.AbstractAutowireCapableBeanFactory.createBean(AbstractAutowireCapableBeanFactory.java:520) ~[spring-beans-6.0.9.jar:6.0.9]
	at org.springframework.beans.factory.support.AbstractBeanFactory.lambda$doGetBean$0(AbstractBeanFactory.java:326) ~[spring-beans-6.0.9.jar:6.0.9]
	at org.springframework.beans.factory.support.DefaultSingletonBeanRegistry.getSingleton(DefaultSingletonBeanRegistry.java:234) ~[spring-beans-6.0.9.jar:6.0.9]
	at org.springframework.beans.factory.support.AbstractBeanFactory.doGetBean(AbstractBeanFactory.java:324) ~[spring-beans-6.0.9.jar:6.0.9]
	at org.springframework.beans.factory.support.AbstractBeanFactory.getBean(AbstractBeanFactory.java:200) ~[spring-beans-6.0.9.jar:6.0.9]
	at org.springframework.context.support.AbstractApplicationContext.getBean(AbstractApplicationContext.java:1156) ~[spring-context-6.0.9.jar:6.0.9]
	at org.springframework.context.support.AbstractApplicationContext.finishBeanFactoryInitialization(AbstractApplicationContext.java:931) ~[spring-context-6.0.9.jar:6.0.9]
	at org.springframework.context.support.AbstractApplicationContext.refresh(AbstractApplicationContext.java:608) ~[spring-context-6.0.9.jar:6.0.9]
	at org.springframework.boot.web.servlet.context.ServletWebServerApplicationContext.refresh(ServletWebServerApplicationContext.java:146) ~[spring-boot-3.1.0.jar:3.1.0]
	at org.springframework.boot.SpringApplication.refresh(SpringApplication.java:733) ~[spring-boot-3.1.0.jar:3.1.0]
	at org.springframework.boot.SpringApplication.refreshContext(SpringApplication.java:435) ~[spring-boot-3.1.0.jar:3.1.0]
	at org.springframework.boot.SpringApplication.run(SpringApplication.java:311) ~[spring-boot-3.1.0.jar:3.1.0]
	at org.springframework.boot.SpringApplication.run(SpringApplication.java:1305) ~[spring-boot-3.1.0.jar:3.1.0]
	at org.springframework.boot.SpringApplication.run(SpringApplication.java:1294) ~[spring-boot-3.1.0.jar:3.1.0]
	at pl.damian.purlan.biblioteka.BibliotekaApplication.main(BibliotekaApplication.java:10) ~[classes/:na]
Caused by: java.lang.ClassCastException: class org.hibernate.mapping.BasicValue cannot be cast to class org.hibernate.mapping.ToOne (org.hibernate.mapping.BasicValue and org.hibernate.mapping.ToOne are in unnamed module of loader 'app')
	at org.hibernate.boot.model.internal.BinderHelper.checkMappedByType(BinderHelper.java:1086) ~[hibernate-core-6.2.2.Final.jar:6.2.2.Final]
	at org.hibernate.boot.model.internal.CollectionBinder.isReversePropertyInJoin(CollectionBinder.java:1571) ~[hibernate-core-6.2.2.Final.jar:6.2.2.Final]
	at org.hibernate.boot.model.internal.CollectionBinder.noAssociationTable(CollectionBinder.java:1582) ~[hibernate-core-6.2.2.Final.jar:6.2.2.Final]
	at org.hibernate.boot.model.internal.CollectionBinder.bindStarToManySecondPass(CollectionBinder.java:1543) ~[hibernate-core-6.2.2.Final.jar:6.2.2.Final]
	at org.hibernate.boot.model.internal.CollectionBinder$1.secondPass(CollectionBinder.java:1534) ~[hibernate-core-6.2.2.Final.jar:6.2.2.Final]
	at org.hibernate.boot.model.internal.CollectionSecondPass.doSecondPass(CollectionSecondPass.java:45) ~[hibernate-core-6.2.2.Final.jar:6.2.2.Final]
	at org.hibernate.boot.internal.InFlightMetadataCollectorImpl.processSecondPasses(InFlightMetadataCollectorImpl.java:1846) ~[hibernate-core-6.2.2.Final.jar:6.2.2.Final]
	at org.hibernate.boot.internal.InFlightMetadataCollectorImpl.processSecondPasses(InFlightMetadataCollectorImpl.java:1803) ~[hibernate-core-6.2.2.Final.jar:6.2.2.Final]
	at org.hibernate.boot.model.process.spi.MetadataBuildingProcess.complete(MetadataBuildingProcess.java:328) ~[hibernate-core-6.2.2.Final.jar:6.2.2.Final]
	at org.hibernate.jpa.boot.internal.EntityManagerFactoryBuilderImpl.metadata(EntityManagerFactoryBuilderImpl.java:1380) ~[hibernate-core-6.2.2.Final.jar:6.2.2.Final]
	at org.hibernate.jpa.boot.internal.EntityManagerFactoryBuilderImpl.build(EntityManagerFactoryBuilderImpl.java:1451) ~[hibernate-core-6.2.2.Final.jar:6.2.2.Final]
	at org.springframework.orm.jpa.vendor.SpringHibernateJpaPersistenceProvider.createContainerEntityManagerFactory(SpringHibernateJpaPersistenceProvider.java:66) ~[spring-orm-6.0.9.jar:6.0.9]
	at org.springframework.orm.jpa.LocalContainerEntityManagerFactoryBean.createNativeEntityManagerFactory(LocalContainerEntityManagerFactoryBean.java:376) ~[spring-orm-6.0.9.jar:6.0.9]
	at org.springframework.orm.jpa.AbstractEntityManagerFactoryBean.buildNativeEntityManagerFactory(AbstractEntityManagerFactoryBean.java:409) ~[spring-orm-6.0.9.jar:6.0.9]
	at org.springframework.orm.jpa.AbstractEntityManagerFactoryBean.afterPropertiesSet(AbstractEntityManagerFactoryBean.java:396) ~[spring-orm-6.0.9.jar:6.0.9]
	at org.springframework.orm.jpa.LocalContainerEntityManagerFactoryBean.afterPropertiesSet(LocalContainerEntityManagerFactoryBean.java:352) ~[spring-orm-6.0.9.jar:6.0.9]
	at org.springframework.beans.factory.support.AbstractAutowireCapableBeanFactory.invokeInitMethods(AbstractAutowireCapableBeanFactory.java:1816) ~[spring-beans-6.0.9.jar:6.0.9]
	at org.springframework.beans.factory.support.AbstractAutowireCapableBeanFactory.initializeBean(AbstractAutowireCapableBeanFactory.java:1766) ~[spring-beans-6.0.9.jar:6.0.9]
	... 16 common frames omitted

2023-06-16T13:37:13.825+02:00  INFO 5084 --- [main] p.d.p.biblioteka.BibliotekaApplication   : Starting BibliotekaApplication using Java 17.0.7 with PID 5084 (C:\Users\Słodziak\IdeaProjects\Library\target\classes started by Słodziak in C:\Users\Słodziak\IdeaProjects\Library)
2023-06-16T13:37:13.827+02:00  INFO 5084 --- [main] p.d.p.biblioteka.BibliotekaApplication   : No active profile set, falling back to 1 default profile: "default"
2023-06-16T13:37:14.251+02:00  INFO 5084 --- [main] .s.d.r.c.RepositoryConfigurationDelegate : Bootstrapping Spring Data JPA repositories in DEFAULT mode.
2023-06-16T13:37:14.293+02:00  INFO 5084 --- [main] .s.d.r.c.RepositoryConfigurationDelegate : Finished Spring Data repository scanning in 36 ms. Found 4 JPA repository interfaces.
2023-06-16T13:37:14.633+02:00  INFO 5084 --- [main] o.s.b.w.embedded.tomcat.TomcatWebServer  : Tomcat initialized with port(s): 8080 (http)
2023-06-16T13:37:14.640+02:00  INFO 5084 --- [main] o.apache.catalina.core.StandardService   : Starting service [Tomcat]
2023-06-16T13:37:14.641+02:00  INFO 5084 --- [main] o.apache.catalina.core.StandardEngine    : Starting Servlet engine: [Apache Tomcat/10.1.8]
2023-06-16T13:37:14.714+02:00  INFO 5084 --- [main] o.a.c.c.C.[Tomcat].[localhost].[/]       : Initializing Spring embedded WebApplicationContext
2023-06-16T13:37:14.714+02:00  INFO 5084 --- [main] w.s.c.ServletWebServerApplicationContext : Root WebApplicationContext: initialization completed in 859 ms
2023-06-16T13:37:14.736+02:00  INFO 5084 --- [main] com.zaxxer.hikari.HikariDataSource       : HikariPool-1 - Starting...
2023-06-16T13:37:14.878+02:00  INFO 5084 --- [main] com.zaxxer.hikari.pool.HikariPool        : HikariPool-1 - Added connection conn0: url=jdbc:h2:mem:testdb user=SA
2023-06-16T13:37:14.879+02:00  INFO 5084 --- [main] com.zaxxer.hikari.HikariDataSource       : HikariPool-1 - Start completed.
2023-06-16T13:37:14.888+02:00  INFO 5084 --- [main] o.s.b.a.h2.H2ConsoleAutoConfiguration    : H2 console available at '/h2-console'. Database available at 'jdbc:h2:mem:testdb'
2023-06-16T13:37:14.973+02:00  INFO 5084 --- [main] o.hibernate.jpa.internal.util.LogHelper  : HHH000204: Processing PersistenceUnitInfo [name: default]
2023-06-16T13:37:15.013+02:00  INFO 5084 --- [main] org.hibernate.Version                    : HHH000412: Hibernate ORM core version 6.2.2.Final
2023-06-16T13:37:15.015+02:00  INFO 5084 --- [main] org.hibernate.cfg.Environment            : HHH000406: Using bytecode reflection optimizer
2023-06-16T13:37:15.106+02:00  INFO 5084 --- [main] o.h.b.i.BytecodeProviderInitiator        : HHH000021: Bytecode provider name : bytebuddy
2023-06-16T13:37:15.196+02:00  INFO 5084 --- [main] o.s.o.j.p.SpringPersistenceUnitInfo      : No LoadTimeWeaver setup: ignoring JPA class transformer
2023-06-16T13:37:15.217+02:00  INFO 5084 --- [main] org.hibernate.orm.dialect                : HHH035001: Using dialect: org.hibernate.dialect.H2Dialect, version: 2.1.214
2023-06-16T13:37:15.356+02:00  INFO 5084 --- [main] o.h.b.i.BytecodeProviderInitiator        : HHH000021: Bytecode provider name : bytebuddy
2023-06-16T13:37:15.828+02:00  INFO 5084 --- [main] o.h.e.t.j.p.i.JtaPlatformInitiator       : HHH000490: Using JtaPlatform implementation: [org.hibernate.engine.transaction.jta.platform.internal.NoJtaPlatform]
2023-06-16T13:37:15.874+02:00  INFO 5084 --- [main] j.LocalContainerEntityManagerFactoryBean : Initialized JPA EntityManagerFactory for persistence unit 'default'
2023-06-16T13:37:16.160+02:00  WARN 5084 --- [main] JpaBaseConfiguration$JpaWebConfiguration : spring.jpa.open-in-view is enabled by default. Therefore, database queries may be performed during view rendering. Explicitly configure spring.jpa.open-in-view to disable this warning
2023-06-16T13:37:16.250+02:00  INFO 5084 --- [main] o.s.s.web.DefaultSecurityFilterChain     : Will secure any request with [org.springframework.security.web.session.DisableEncodeUrlFilter@4425b6ed, org.springframework.security.web.context.request.async.WebAsyncManagerIntegrationFilter@702432cc, org.springframework.security.web.context.SecurityContextHolderFilter@112b3298, org.springframework.security.web.header.HeaderWriterFilter@1e2bc241, org.springframework.security.web.authentication.logout.LogoutFilter@749ffdc7, org.springframework.security.web.authentication.UsernamePasswordAuthenticationFilter@690e7b89, org.springframework.security.web.authentication.ui.DefaultLoginPageGeneratingFilter@2487b621, org.springframework.security.web.authentication.ui.DefaultLogoutPageGeneratingFilter@5039c2cf, org.springframework.security.web.authentication.www.BasicAuthenticationFilter@33502cfe, org.springframework.security.web.savedrequest.RequestCacheAwareFilter@90c01ab, org.springframework.security.web.servletapi.SecurityContextHolderAwareRequestFilter@5f01361e, org.springframework.security.web.authentication.AnonymousAuthenticationFilter@355b4c34, org.springframework.security.web.access.ExceptionTranslationFilter@6dde913e, org.springframework.security.web.access.intercept.AuthorizationFilter@1f27f354]
2023-06-16T13:37:16.468+02:00  INFO 5084 --- [main] o.s.b.w.embedded.tomcat.TomcatWebServer  : Tomcat started on port(s): 8080 (http) with context path ''
2023-06-16T13:37:16.475+02:00  INFO 5084 --- [main] p.d.p.biblioteka.BibliotekaApplication   : Started BibliotekaApplication in 2.931 seconds (process running for 3.321)
2023-06-16T13:37:21.742+02:00  INFO 5084 --- [http-nio-8080-exec-1] o.a.c.c.C.[Tomcat].[localhost].[/]       : Initializing Spring DispatcherServlet 'dispatcherServlet'
2023-06-16T13:37:21.743+02:00  INFO 5084 --- [http-nio-8080-exec-1] o.s.web.servlet.DispatcherServlet        : Initializing Servlet 'dispatcherServlet'
2023-06-16T13:37:21.743+02:00  INFO 5084 --- [http-nio-8080-exec-1] o.s.web.servlet.DispatcherServlet        : Completed initialization in 0 ms
2023-06-16T13:37:26.620+02:00  WARN 5084 --- [http-nio-8080-exec-3] .w.s.m.s.DefaultHandlerExceptionResolver : Resolved [org.springframework.web.bind.MissingServletRequestParameterException: Required request parameter 'name' for method parameter type String is not present]
2023-06-16T13:37:58.906+02:00  INFO 5084 --- [SpringApplicationShutdownHook] j.LocalContainerEntityManagerFactoryBean : Closing JPA EntityManagerFactory for persistence unit 'default'
2023-06-16T13:37:58.908+02:00  INFO 5084 --- [SpringApplicationShutdownHook] com.zaxxer.hikari.HikariDataSource       : HikariPool-1 - Shutdown initiated...
2023-06-16T13:37:58.909+02:00  INFO 5084 --- [SpringApplicationShutdownHook] com.zaxxer.hikari.HikariDataSource       : HikariPool-1 - Shutdown completed.
2023-06-16T13:38:01.921+02:00  INFO 24340 --- [main] p.d.p.biblioteka.BibliotekaApplication   : Starting BibliotekaApplication using Java 17.0.7 with PID 24340 (C:\Users\Słodziak\IdeaProjects\Library\target\classes started by Słodziak in C:\Users\Słodziak\IdeaProjects\Library)
2023-06-16T13:38:01.923+02:00  INFO 24340 --- [main] p.d.p.biblioteka.BibliotekaApplication   : No active profile set, falling back to 1 default profile: "default"
2023-06-16T13:38:02.357+02:00  INFO 24340 --- [main] .s.d.r.c.RepositoryConfigurationDelegate : Bootstrapping Spring Data JPA repositories in DEFAULT mode.
2023-06-16T13:38:02.398+02:00  INFO 24340 --- [main] .s.d.r.c.RepositoryConfigurationDelegate : Finished Spring Data repository scanning in 36 ms. Found 4 JPA repository interfaces.
2023-06-16T13:38:02.746+02:00  INFO 24340 --- [main] o.s.b.w.embedded.tomcat.TomcatWebServer  : Tomcat initialized with port(s): 8080 (http)
2023-06-16T13:38:02.752+02:00  INFO 24340 --- [main] o.apache.catalina.core.StandardService   : Starting service [Tomcat]
2023-06-16T13:38:02.752+02:00  INFO 24340 --- [main] o.apache.catalina.core.StandardEngine    : Starting Servlet engine: [Apache Tomcat/10.1.8]
2023-06-16T13:38:02.810+02:00  INFO 24340 --- [main] o.a.c.c.C.[Tomcat].[localhost].[/]       : Initializing Spring embedded WebApplicationContext
2023-06-16T13:38:02.811+02:00  INFO 24340 --- [main] w.s.c.ServletWebServerApplicationContext : Root WebApplicationContext: initialization completed in 859 ms
2023-06-16T13:38:02.831+02:00  INFO 24340 --- [main] com.zaxxer.hikari.HikariDataSource       : HikariPool-1 - Starting...
2023-06-16T13:38:02.957+02:00  INFO 24340 --- [main] com.zaxxer.hikari.pool.HikariPool        : HikariPool-1 - Added connection conn0: url=jdbc:h2:mem:testdb user=SA
2023-06-16T13:38:02.958+02:00  INFO 24340 --- [main] com.zaxxer.hikari.HikariDataSource       : HikariPool-1 - Start completed.
2023-06-16T13:38:02.967+02:00  INFO 24340 --- [main] o.s.b.a.h2.H2ConsoleAutoConfiguration    : H2 console available at '/h2-console'. Database available at 'jdbc:h2:mem:testdb'
2023-06-16T13:38:03.045+02:00  INFO 24340 --- [main] o.hibernate.jpa.internal.util.LogHelper  : HHH000204: Processing PersistenceUnitInfo [name: default]
2023-06-16T13:38:03.085+02:00  INFO 24340 --- [main] org.hibernate.Version                    : HHH000412: Hibernate ORM core version 6.2.2.Final
2023-06-16T13:38:03.087+02:00  INFO 24340 --- [main] org.hibernate.cfg.Environment            : HHH000406: Using bytecode reflection optimizer
2023-06-16T13:38:03.174+02:00  INFO 24340 --- [main] o.h.b.i.BytecodeProviderInitiator        : HHH000021: Bytecode provider name : bytebuddy
2023-06-16T13:38:03.264+02:00  INFO 24340 --- [main] o.s.o.j.p.SpringPersistenceUnitInfo      : No LoadTimeWeaver setup: ignoring JPA class transformer
2023-06-16T13:38:03.286+02:00  INFO 24340 --- [main] org.hibernate.orm.dialect                : HHH035001: Using dialect: org.hibernate.dialect.H2Dialect, version: 2.1.214
2023-06-16T13:38:03.431+02:00  INFO 24340 --- [main] o.h.b.i.BytecodeProviderInitiator        : HHH000021: Bytecode provider name : bytebuddy
2023-06-16T13:38:03.895+02:00  INFO 24340 --- [main] o.h.e.t.j.p.i.JtaPlatformInitiator       : HHH000490: Using JtaPlatform implementation: [org.hibernate.engine.transaction.jta.platform.internal.NoJtaPlatform]
2023-06-16T13:38:03.941+02:00  INFO 24340 --- [main] j.LocalContainerEntityManagerFactoryBean : Initialized JPA EntityManagerFactory for persistence unit 'default'
2023-06-16T13:38:04.222+02:00  WARN 24340 --- [main] JpaBaseConfiguration$JpaWebConfiguration : spring.jpa.open-in-view is enabled by default. Therefore, database queries may be performed during view rendering. Explicitly configure spring.jpa.open-in-view to disable this warning
2023-06-16T13:38:04.310+02:00  INFO 24340 --- [main] o.s.s.web.DefaultSecurityFilterChain     : Will secure any request with [org.springframework.security.web.session.DisableEncodeUrlFilter@4425b6ed, org.springframework.security.web.context.request.async.WebAsyncManagerIntegrationFilter@702432cc, org.springframework.security.web.context.SecurityContextHolderFilter@112b3298, org.springframework.security.web.header.HeaderWriterFilter@1e2bc241, org.springframework.security.web.authentication.logout.LogoutFilter@749ffdc7, org.springframework.security.web.authentication.UsernamePasswordAuthenticationFilter@690e7b89, org.springframework.security.web.authentication.ui.DefaultLoginPageGeneratingFilter@2487b621, org.springframework.security.web.authentication.ui.DefaultLogoutPageGeneratingFilter@5039c2cf, org.springframework.security.web.authentication.www.BasicAuthenticationFilter@33502cfe, org.springframework.security.web.savedrequest.RequestCacheAwareFilter@90c01ab, org.springframework.security.web.servletapi.SecurityContextHolderAwareRequestFilter@5f01361e, org.springframework.security.web.authentication.AnonymousAuthenticationFilter@355b4c34, org.springframework.security.web.access.ExceptionTranslationFilter@6dde913e, org.springframework.security.web.access.intercept.AuthorizationFilter@1f27f354]
2023-06-16T13:38:04.529+02:00  INFO 24340 --- [main] o.s.b.w.embedded.tomcat.TomcatWebServer  : Tomcat started on port(s): 8080 (http) with context path ''
2023-06-16T13:38:04.535+02:00  INFO 24340 --- [main] p.d.p.biblioteka.BibliotekaApplication   : Started BibliotekaApplication in 2.916 seconds (process running for 3.321)
2023-06-16T13:38:06.673+02:00  INFO 24340 --- [http-nio-8080-exec-2] o.a.c.c.C.[Tomcat].[localhost].[/]       : Initializing Spring DispatcherServlet 'dispatcherServlet'
2023-06-16T13:38:06.673+02:00  INFO 24340 --- [http-nio-8080-exec-2] o.s.web.servlet.DispatcherServlet        : Initializing Servlet 'dispatcherServlet'
2023-06-16T13:38:06.674+02:00  INFO 24340 --- [http-nio-8080-exec-2] o.s.web.servlet.DispatcherServlet        : Completed initialization in 1 ms
2023-06-16T13:38:06.696+02:00  WARN 24340 --- [http-nio-8080-exec-2] .w.s.m.s.DefaultHandlerExceptionResolver : Resolved [org.springframework.web.HttpRequestMethodNotSupportedException: Request method 'PUT' is not supported]
2023-06-16T19:43:52.115+02:00  INFO 24340 --- [SpringApplicationShutdownHook] j.LocalContainerEntityManagerFactoryBean : Closing JPA EntityManagerFactory for persistence unit 'default'
2023-06-16T19:43:52.117+02:00  INFO 24340 --- [SpringApplicationShutdownHook] com.zaxxer.hikari.HikariDataSource       : HikariPool-1 - Shutdown initiated...
2023-06-16T19:43:52.118+02:00  INFO 24340 --- [SpringApplicationShutdownHook] com.zaxxer.hikari.HikariDataSource       : HikariPool-1 - Shutdown completed.
2023-06-16T21:17:24.491+02:00  INFO 41636 --- [main] p.d.p.biblioteka.BibliotekaApplication   : Starting BibliotekaApplication using Java 17.0.7 with PID 41636 (C:\Users\Słodziak\IdeaProjects\Library\target\classes started by Słodziak in C:\Users\Słodziak\IdeaProjects\Library)
2023-06-16T21:17:24.493+02:00  INFO 41636 --- [main] p.d.p.biblioteka.BibliotekaApplication   : No active profile set, falling back to 1 default profile: "default"
2023-06-16T21:17:25.103+02:00  INFO 41636 --- [main] .s.d.r.c.RepositoryConfigurationDelegate : Bootstrapping Spring Data JPA repositories in DEFAULT mode.
2023-06-16T21:17:25.155+02:00  INFO 41636 --- [main] .s.d.r.c.RepositoryConfigurationDelegate : Finished Spring Data repository scanning in 43 ms. Found 4 JPA repository interfaces.
2023-06-16T21:17:25.535+02:00  INFO 41636 --- [main] o.s.b.w.embedded.tomcat.TomcatWebServer  : Tomcat initialized with port(s): 8080 (http)
2023-06-16T21:17:25.543+02:00  INFO 41636 --- [main] o.apache.catalina.core.StandardService   : Starting service [Tomcat]
2023-06-16T21:17:25.543+02:00  INFO 41636 --- [main] o.apache.catalina.core.StandardEngine    : Starting Servlet engine: [Apache Tomcat/10.1.8]
2023-06-16T21:17:25.615+02:00  INFO 41636 --- [main] o.a.c.c.C.[Tomcat].[localhost].[/]       : Initializing Spring embedded WebApplicationContext
2023-06-16T21:17:25.616+02:00  INFO 41636 --- [main] w.s.c.ServletWebServerApplicationContext : Root WebApplicationContext: initialization completed in 1095 ms
2023-06-16T21:17:25.640+02:00  INFO 41636 --- [main] com.zaxxer.hikari.HikariDataSource       : HikariPool-1 - Starting...
2023-06-16T21:17:25.799+02:00  INFO 41636 --- [main] com.zaxxer.hikari.pool.HikariPool        : HikariPool-1 - Added connection conn0: url=jdbc:h2:mem:testdb user=SA
2023-06-16T21:17:25.801+02:00  INFO 41636 --- [main] com.zaxxer.hikari.HikariDataSource       : HikariPool-1 - Start completed.
2023-06-16T21:17:25.810+02:00  INFO 41636 --- [main] o.s.b.a.h2.H2ConsoleAutoConfiguration    : H2 console available at '/h2-console'. Database available at 'jdbc:h2:mem:testdb'
2023-06-16T21:17:25.894+02:00  INFO 41636 --- [main] o.hibernate.jpa.internal.util.LogHelper  : HHH000204: Processing PersistenceUnitInfo [name: default]
2023-06-16T21:17:25.934+02:00  INFO 41636 --- [main] org.hibernate.Version                    : HHH000412: Hibernate ORM core version 6.2.2.Final
2023-06-16T21:17:25.936+02:00  INFO 41636 --- [main] org.hibernate.cfg.Environment            : HHH000406: Using bytecode reflection optimizer
2023-06-16T21:17:26.038+02:00  INFO 41636 --- [main] o.h.b.i.BytecodeProviderInitiator        : HHH000021: Bytecode provider name : bytebuddy
2023-06-16T21:17:26.129+02:00  INFO 41636 --- [main] o.s.o.j.p.SpringPersistenceUnitInfo      : No LoadTimeWeaver setup: ignoring JPA class transformer
2023-06-16T21:17:26.152+02:00  INFO 41636 --- [main] org.hibernate.orm.dialect                : HHH035001: Using dialect: org.hibernate.dialect.H2Dialect, version: 2.1.214
2023-06-16T21:17:26.310+02:00  INFO 41636 --- [main] o.h.b.i.BytecodeProviderInitiator        : HHH000021: Bytecode provider name : bytebuddy
2023-06-16T21:17:26.805+02:00  INFO 41636 --- [main] o.h.e.t.j.p.i.JtaPlatformInitiator       : HHH000490: Using JtaPlatform implementation: [org.hibernate.engine.transaction.jta.platform.internal.NoJtaPlatform]
2023-06-16T21:17:26.851+02:00  INFO 41636 --- [main] j.LocalContainerEntityManagerFactoryBean : Initialized JPA EntityManagerFactory for persistence unit 'default'
2023-06-16T21:17:27.149+02:00  WARN 41636 --- [main] JpaBaseConfiguration$JpaWebConfiguration : spring.jpa.open-in-view is enabled by default. Therefore, database queries may be performed during view rendering. Explicitly configure spring.jpa.open-in-view to disable this warning
2023-06-16T21:17:27.274+02:00  INFO 41636 --- [main] o.s.s.web.DefaultSecurityFilterChain     : Will secure any request with [org.springframework.security.web.session.DisableEncodeUrlFilter@115924ba, org.springframework.security.web.context.request.async.WebAsyncManagerIntegrationFilter@1728d307, org.springframework.security.web.context.SecurityContextHolderFilter@8eeb4c5, org.springframework.security.web.header.HeaderWriterFilter@590f806a, org.springframework.security.web.authentication.logout.LogoutFilter@414d466e, org.springframework.security.web.authentication.UsernamePasswordAuthenticationFilter@39acf187, org.springframework.security.web.authentication.ui.DefaultLoginPageGeneratingFilter@90c01ab, org.springframework.security.web.authentication.ui.DefaultLogoutPageGeneratingFilter@252d2ac0, org.springframework.security.web.authentication.www.BasicAuthenticationFilter@17554316, org.springframework.security.web.savedrequest.RequestCacheAwareFilter@32bae609, org.springframework.security.web.servletapi.SecurityContextHolderAwareRequestFilter@1e2bc241, org.springframework.security.web.authentication.AnonymousAuthenticationFilter@3f0b5619, org.springframework.security.web.access.ExceptionTranslationFilter@789f5552, org.springframework.security.web.access.intercept.AuthorizationFilter@33502cfe]
2023-06-16T21:17:27.517+02:00  INFO 41636 --- [main] o.s.b.w.embedded.tomcat.TomcatWebServer  : Tomcat started on port(s): 8080 (http) with context path ''
2023-06-16T21:17:27.523+02:00  INFO 41636 --- [main] p.d.p.biblioteka.BibliotekaApplication   : Started BibliotekaApplication in 3.327 seconds (process running for 4.182)
